2019-04-12 21:31:49.793 [main] INFO [org.springframework.test.context.support.AbstractTestContextBootstrapper.getDefaultTestExecutionListenerClassNames] - Loaded default TestExecutionListener class names from location [META-INF/spring.factories]: [org.springframework.test.context.web.ServletTestExecutionListener, org.springframework.test.context.support.DirtiesContextBeforeModesTestExecutionListener, org.springframework.test.context.support.DependencyInjectionTestExecutionListener, org.springframework.test.context.support.DirtiesContextTestExecutionListener, org.springframework.test.context.transaction.TransactionalTestExecutionListener, org.springframework.test.context.jdbc.SqlScriptsTestExecutionListener]
2019-04-12 21:31:49.831 [main] INFO [org.springframework.test.context.support.AbstractTestContextBootstrapper.getTestExecutionListeners] - Using TestExecutionListeners: [org.springframework.test.context.web.ServletTestExecutionListener@7334aada, org.springframework.test.context.support.DirtiesContextBeforeModesTestExecutionListener@1d9b7cce, org.springframework.test.context.support.DependencyInjectionTestExecutionListener@4d9e68d0, org.springframework.test.context.support.DirtiesContextTestExecutionListener@42e99e4a, org.springframework.test.context.transaction.TransactionalTestExecutionListener@14dd9eb7, org.springframework.test.context.jdbc.SqlScriptsTestExecutionListener@52e6fdee]
2019-04-12 21:31:49.967 [main] INFO [org.springframework.beans.factory.xml.XmlBeanDefinitionReader.loadBeanDefinitions] - Loading XML bean definitions from file [D:\MyCode\Day56_Maven_SSM_Parent\Maven_SSM_Service\target\classes\spring\applicationContext-service.xml]
2019-04-12 21:31:50.314 [main] INFO [org.springframework.beans.factory.xml.XmlBeanDefinitionReader.loadBeanDefinitions] - Loading XML bean definitions from file [D:\MyCode\Day56_Maven_SSM_Parent\Maven_SSM_Dao\target\classes\spring\applicationContext-dao.xml]
2019-04-12 21:31:50.374 [main] INFO [org.springframework.context.support.AbstractApplicationContext.prepareRefresh] - Refreshing org.springframework.context.support.GenericApplicationContext@7d8995e: startup date [Fri Apr 12 21:31:50 CST 2019]; root of context hierarchy
2019-04-12 21:31:54.177 [main] DEBUG [org.springframework.jdbc.datasource.DataSourceUtils.doGetConnection] - Fetching JDBC Connection from DataSource
2019-04-12 21:31:54.818 [main] DEBUG [org.springframework.jdbc.datasource.DataSourceUtils.doGetConnection] - Registering transaction synchronization for JDBC Connection
2019-04-12 21:31:54.833 [main] DEBUG [org.apache.ibatis.logging.jdbc.BaseJdbcLogger.debug] - ==>  Preparing: select * from user where id = ? 
2019-04-12 21:31:55.000 [main] DEBUG [org.apache.ibatis.logging.jdbc.BaseJdbcLogger.debug] - ==> Parameters: 2(Integer)
2019-04-12 21:31:55.393 [main] DEBUG [org.apache.ibatis.logging.jdbc.BaseJdbcLogger.debug] - <==      Total: 1
2019-04-12 21:31:55.492 [main] DEBUG [org.springframework.jdbc.datasource.DataSourceUtils.doReleaseConnection] - Returning JDBC Connection to DataSource
2019-04-12 21:31:55.674 [Thread-1] INFO [org.springframework.context.support.AbstractApplicationContext.doClose] - Closing org.springframework.context.support.GenericApplicationContext@7d8995e: startup date [Fri Apr 12 21:31:50 CST 2019]; root of context hierarchy
2019-04-12 21:34:16.444 [main] INFO [org.springframework.test.context.support.AbstractTestContextBootstrapper.getDefaultTestExecutionListenerClassNames] - Loaded default TestExecutionListener class names from location [META-INF/spring.factories]: [org.springframework.test.context.web.ServletTestExecutionListener, org.springframework.test.context.support.DirtiesContextBeforeModesTestExecutionListener, org.springframework.test.context.support.DependencyInjectionTestExecutionListener, org.springframework.test.context.support.DirtiesContextTestExecutionListener, org.springframework.test.context.transaction.TransactionalTestExecutionListener, org.springframework.test.context.jdbc.SqlScriptsTestExecutionListener]
2019-04-12 21:34:16.470 [main] INFO [org.springframework.test.context.support.AbstractTestContextBootstrapper.getTestExecutionListeners] - Using TestExecutionListeners: [org.springframework.test.context.web.ServletTestExecutionListener@409bf450, org.springframework.test.context.support.DirtiesContextBeforeModesTestExecutionListener@38d8f54a, org.springframework.test.context.support.DependencyInjectionTestExecutionListener@49e53c76, org.springframework.test.context.support.DirtiesContextTestExecutionListener@351d00c0, org.springframework.test.context.transaction.TransactionalTestExecutionListener@2a3b5b47, org.springframework.test.context.jdbc.SqlScriptsTestExecutionListener@55b699ef]
2019-04-12 21:34:16.542 [main] INFO [org.springframework.beans.factory.xml.XmlBeanDefinitionReader.loadBeanDefinitions] - Loading XML bean definitions from file [D:\MyCode\Day56_Maven_SSM_Parent\Maven_SSM_Service\target\classes\spring\applicationContext-service.xml]
2019-04-12 21:34:16.776 [main] INFO [org.springframework.beans.factory.xml.XmlBeanDefinitionReader.loadBeanDefinitions] - Loading XML bean definitions from URL [jar:file:/D:/MyCode/Day56_Maven_SSM_Parent/Maven_SSM_Dao/target/Maven_SSM_Dao-1.0.jar!/spring/applicationContext-dao.xml]
2019-04-12 21:34:16.827 [main] INFO [org.springframework.context.support.AbstractApplicationContext.prepareRefresh] - Refreshing org.springframework.context.support.GenericApplicationContext@54d9d12d: startup date [Fri Apr 12 21:34:16 CST 2019]; root of context hierarchy
2019-04-12 21:34:18.760 [main] DEBUG [org.springframework.jdbc.datasource.DataSourceUtils.doGetConnection] - Fetching JDBC Connection from DataSource
2019-04-12 21:34:19.110 [main] DEBUG [org.springframework.jdbc.datasource.DataSourceUtils.doGetConnection] - Registering transaction synchronization for JDBC Connection
2019-04-12 21:34:19.118 [main] DEBUG [org.apache.ibatis.logging.jdbc.BaseJdbcLogger.debug] - ==>  Preparing: select * from user where id = ? 
2019-04-12 21:34:19.161 [main] DEBUG [org.apache.ibatis.logging.jdbc.BaseJdbcLogger.debug] - ==> Parameters: 2(Integer)
2019-04-12 21:34:19.203 [main] DEBUG [org.apache.ibatis.logging.jdbc.BaseJdbcLogger.debug] - <==      Total: 1
2019-04-12 21:34:19.217 [main] DEBUG [org.springframework.jdbc.datasource.DataSourceUtils.doReleaseConnection] - Returning JDBC Connection to DataSource
2019-04-12 21:34:19.229 [Thread-1] INFO [org.springframework.context.support.AbstractApplicationContext.doClose] - Closing org.springframework.context.support.GenericApplicationContext@54d9d12d: startup date [Fri Apr 12 21:34:16 CST 2019]; root of context hierarchy
2019-04-12 21:34:33.053 [main] INFO [org.springframework.test.context.support.AbstractTestContextBootstrapper.getDefaultTestExecutionListenerClassNames] - Loaded default TestExecutionListener class names from location [META-INF/spring.factories]: [org.springframework.test.context.web.ServletTestExecutionListener, org.springframework.test.context.support.DirtiesContextBeforeModesTestExecutionListener, org.springframework.test.context.support.DependencyInjectionTestExecutionListener, org.springframework.test.context.support.DirtiesContextTestExecutionListener, org.springframework.test.context.transaction.TransactionalTestExecutionListener, org.springframework.test.context.jdbc.SqlScriptsTestExecutionListener]
2019-04-12 21:34:33.095 [main] INFO [org.springframework.test.context.support.AbstractTestContextBootstrapper.getTestExecutionListeners] - Using TestExecutionListeners: [org.springframework.test.context.web.ServletTestExecutionListener@409bf450, org.springframework.test.context.support.DirtiesContextBeforeModesTestExecutionListener@38d8f54a, org.springframework.test.context.support.DependencyInjectionTestExecutionListener@49e53c76, org.springframework.test.context.support.DirtiesContextTestExecutionListener@351d00c0, org.springframework.test.context.transaction.TransactionalTestExecutionListener@2a3b5b47, org.springframework.test.context.jdbc.SqlScriptsTestExecutionListener@55b699ef]
2019-04-12 21:34:33.178 [main] INFO [org.springframework.beans.factory.xml.XmlBeanDefinitionReader.loadBeanDefinitions] - Loading XML bean definitions from file [D:\MyCode\Day56_Maven_SSM_Parent\Maven_SSM_Service\target\classes\spring\applicationContext-service.xml]
2019-04-12 21:34:33.413 [main] INFO [org.springframework.beans.factory.xml.XmlBeanDefinitionReader.loadBeanDefinitions] - Loading XML bean definitions from URL [jar:file:/D:/Tools/apache-maven-3.6.0/repository/com/itheima/Maven_SSM_Dao/1.0/Maven_SSM_Dao-1.0.jar!/spring/applicationContext-dao.xml]
2019-04-12 21:34:33.466 [main] INFO [org.springframework.context.support.AbstractApplicationContext.prepareRefresh] - Refreshing org.springframework.context.support.GenericApplicationContext@54d9d12d: startup date [Fri Apr 12 21:34:33 CST 2019]; root of context hierarchy
2019-04-12 21:34:35.619 [main] DEBUG [org.springframework.jdbc.datasource.DataSourceUtils.doGetConnection] - Fetching JDBC Connection from DataSource
2019-04-12 21:34:35.982 [main] DEBUG [org.springframework.jdbc.datasource.DataSourceUtils.doGetConnection] - Registering transaction synchronization for JDBC Connection
2019-04-12 21:34:35.991 [main] DEBUG [org.apache.ibatis.logging.jdbc.BaseJdbcLogger.debug] - ==>  Preparing: select * from user where id = ? 
2019-04-12 21:34:36.025 [main] DEBUG [org.apache.ibatis.logging.jdbc.BaseJdbcLogger.debug] - ==> Parameters: 2(Integer)
2019-04-12 21:34:36.060 [main] DEBUG [org.apache.ibatis.logging.jdbc.BaseJdbcLogger.debug] - <==      Total: 1
2019-04-12 21:34:36.073 [main] DEBUG [org.springframework.jdbc.datasource.DataSourceUtils.doReleaseConnection] - Returning JDBC Connection to DataSource
2019-04-12 21:34:36.082 [Thread-1] INFO [org.springframework.context.support.AbstractApplicationContext.doClose] - Closing org.springframework.context.support.GenericApplicationContext@54d9d12d: startup date [Fri Apr 12 21:34:33 CST 2019]; root of context hierarchy
